[16:48:41] [main/INFO]: Setting user: JohnCena
[16:48:44] [Client thread/INFO]: LWJGL Version: 2.9.1
[16:49:06] [Client thread/INFO]: Reloading ResourceManager: Default, FMLFileResourcePack:Forge Mod Loader, FMLFileResourcePack:Minecraft Forge, FMLFileResourcePack:apertureMod
[16:49:07] [Sound Library Loader/INFO]: Sound engine started
[16:49:09] [Client thread/INFO]: Created: 16x16 textures/blocks-atlas
[16:49:09] [Client thread/INFO]: Created: 16x16 textures/items-atlas
[16:49:09] [Client thread/INFO]: Reloading ResourceManager: Default, FMLFileResourcePack:Forge Mod Loader, FMLFileResourcePack:Minecraft Forge, FMLFileResourcePack:apertureMod
[16:49:10] [Client thread/INFO]: Created: 512x256 textures/blocks-atlas
[16:49:11] [Client thread/INFO]: Created: 256x256 textures/items-atlas
[16:49:12] [Sound Library Loader/INFO]: Sound engine started
[16:49:18] [Server thread/INFO]: Starting integrated minecraft server version 1.7.10
[16:49:18] [Server thread/INFO]: Generating keypair
[16:49:19] [Server thread/INFO]: Preparing start region for level 0
[16:49:20] [Server thread/INFO]: Preparing spawn area: 19%
[16:49:21] [Server thread/INFO]: Changing view distance to 8, from 10
[16:49:22] [Server thread/INFO]: JohnCena[local:E:c3045af9] logged in with entity id 261 at (1052.2431941908458, 4.288374637155426, -792.6994179720106)
[16:49:22] [Server thread/INFO]: JohnCena joined the game
[16:49:25] [Server thread/INFO]: Saving and pausing game...
[16:49:25] [Server thread/INFO]: Saving chunks for level 'itemTestWorld'/Overworld
[16:49:25] [Server thread/INFO]: Saving chunks for level 'itemTestWorld'/Nether
[16:49:25] [Server thread/INFO]: Saving chunks for level 'itemTestWorld'/The End
[16:50:22] [Server thread/INFO]: Saving and pausing game...
[16:50:22] [Server thread/INFO]: Saving chunks for level 'itemTestWorld'/Overworld
[16:50:22] [Server thread/INFO]: Saving chunks for level 'itemTestWorld'/Nether
[16:50:22] [Server thread/INFO]: Saving chunks for level 'itemTestWorld'/The End
[16:50:57] [Server thread/INFO]: Saving and pausing game...
[16:50:58] [Server thread/INFO]: Saving chunks for level 'itemTestWorld'/Overworld
[16:50:58] [Server thread/INFO]: Saving chunks for level 'itemTestWorld'/Nether
[16:50:58] [Server thread/INFO]: Saving chunks for level 'itemTestWorld'/The End
[16:53:01] [Client thread/INFO]: Stopping!
[16:53:02] [Server thread/INFO]: Stopping server
[16:53:02] [Server thread/INFO]: Saving players
[16:53:02] [Server thread/INFO]: Saving worlds
[16:53:02] [Server thread/INFO]: Saving chunks for level 'itemTestWorld'/Overworld
[16:53:02] [Server thread/INFO]: Saving chunks for level 'itemTestWorld'/Nether
[16:53:02] [Server thread/INFO]: Saving chunks for level 'itemTestWorld'/The End
[16:53:29] [main/INFO]: Setting user: JohnCena
[16:53:36] [Client thread/INFO]: LWJGL Version: 2.9.1
