[21:23:05] [main/INFO]: Setting user: JohnCena
[21:23:08] [Client thread/INFO]: LWJGL Version: 2.9.1
[21:23:32] [Client thread/INFO]: Reloading ResourceManager: Default, FMLFileResourcePack:Forge Mod Loader, FMLFileResourcePack:Minecraft Forge, FMLFileResourcePack:apertureMod
[21:23:34] [Sound Library Loader/INFO]: Sound engine started
[21:23:36] [Client thread/INFO]: Created: 16x16 textures/blocks-atlas
[21:23:36] [Client thread/INFO]: Created: 16x16 textures/items-atlas
[21:23:36] [Client thread/INFO]: Reloading ResourceManager: Default, FMLFileResourcePack:Forge Mod Loader, FMLFileResourcePack:Minecraft Forge, FMLFileResourcePack:apertureMod
[21:23:38] [Client thread/INFO]: Created: 512x256 textures/blocks-atlas
[21:23:38] [Client thread/INFO]: Created: 256x256 textures/items-atlas
[21:23:39] [Sound Library Loader/INFO]: Sound engine started
[21:23:50] [Server thread/INFO]: Starting integrated minecraft server version 1.7.10
[21:23:50] [Server thread/INFO]: Generating keypair
[21:23:51] [Server thread/INFO]: Preparing start region for level 0
[21:23:52] [Server thread/INFO]: Preparing spawn area: 45%
[21:23:52] [Server thread/INFO]: Changing view distance to 8, from 10
[21:23:55] [Server thread/INFO]: JohnCena[local:E:f6e9961a] logged in with entity id 393 at (1042.3658038903038, 13.979569059007646, -862.6109869539893)
[21:23:55] [Server thread/INFO]: JohnCena joined the game
[21:23:56] [Client thread/WARN]: Failed to load texture: apt:textures/blocks/LightTable
java.io.FileNotFoundException: apt:textures/blocks/LightTable
	at net.minecraft.client.resources.FallbackResourceManager.getResource(FallbackResourceManager.java:65) ~[FallbackResourceManager.class:?]
	at net.minecraft.client.resources.SimpleReloadableResourceManager.getResource(SimpleReloadableResourceManager.java:67) ~[SimpleReloadableResourceManager.class:?]
	at net.minecraft.client.renderer.texture.SimpleTexture.loadTexture(SimpleTexture.java:35) ~[SimpleTexture.class:?]
	at net.minecraft.client.renderer.texture.TextureManager.loadTexture(TextureManager.java:89) [TextureManager.class:?]
	at net.minecraft.client.renderer.texture.TextureManager.bindTexture(TextureManager.java:45) [TextureManager.class:?]
	at net.minecraft.client.renderer.tileentity.TileEntitySpecialRenderer.bindTexture(TileEntitySpecialRenderer.java:25) [TileEntitySpecialRenderer.class:?]
	at com.modapt.adventure.model.tileentities.RenderLightTable.renderTileEntityAt(RenderLightTable.java:25) [RenderLightTable.class:?]
	at net.minecraft.client.renderer.tileentity.TileEntityRendererDispatcher.renderTileEntityAt(TileEntityRendererDispatcher.java:141) [TileEntityRendererDispatcher.class:?]
	at com.modapt.adventure.model.tileentities.GenericBlockItemRenderer.renderItem(GenericBlockItemRenderer.java:35) [GenericBlockItemRenderer.class:?]
	at net.minecraftforge.client.ForgeHooksClient.renderInventoryItem(ForgeHooksClient.java:183) [ForgeHooksClient.class:?]
	at net.minecraft.client.renderer.entity.RenderItem.renderItemAndEffectIntoGUI(RenderItem.java:583) [RenderItem.class:?]
	at net.minecraft.client.gui.GuiIngame.renderInventorySlot(GuiIngame.java:973) [GuiIngame.class:?]
	at net.minecraftforge.client.GuiIngameForge.renderHotbar(GuiIngameForge.java:209) [GuiIngameForge.class:?]
	at net.minecraftforge.client.GuiIngameForge.renderGameOverlay(GuiIngameForge.java:144) [GuiIngameForge.class:?]
	at net.minecraft.client.renderer.EntityRenderer.updateCameraAndRender(EntityRenderer.java:1114) [EntityRenderer.class:?]
	at net.minecraft.client.Minecraft.runGameLoop(Minecraft.java:1067) [Minecraft.class:?]
	at net.minecraft.client.Minecraft.run(Minecraft.java:962) [Minecraft.class:?]
	at net.minecraft.client.main.Main.main(Main.java:164) [Main.class:?]
	at sun.reflect.NativeMethodAccessorImpl.invoke0(Native Method) ~[?:1.8.0_102]
	at sun.reflect.NativeMethodAccessorImpl.invoke(NativeMethodAccessorImpl.java:62) ~[?:1.8.0_102]
	at sun.reflect.DelegatingMethodAccessorImpl.invoke(DelegatingMethodAccessorImpl.java:43) ~[?:1.8.0_102]
	at java.lang.reflect.Method.invoke(Method.java:498) ~[?:1.8.0_102]
	at net.minecraft.launchwrapper.Launch.launch(Launch.java:135) [launchwrapper-1.12.jar:?]
	at net.minecraft.launchwrapper.Launch.main(Launch.java:28) [launchwrapper-1.12.jar:?]
	at net.minecraftforge.gradle.GradleStartCommon.launch(Unknown Source) [start/:?]
	at GradleStart.main(Unknown Source) [start/:?]
	at sun.reflect.NativeMethodAccessorImpl.invoke0(Native Method) ~[?:1.8.0_102]
	at sun.reflect.NativeMethodAccessorImpl.invoke(NativeMethodAccessorImpl.java:62) ~[?:1.8.0_102]
	at sun.reflect.DelegatingMethodAccessorImpl.invoke(DelegatingMethodAccessorImpl.java:43) ~[?:1.8.0_102]
	at java.lang.reflect.Method.invoke(Method.java:498) ~[?:1.8.0_102]
	at com.intellij.rt.execution.application.AppMain.main(AppMain.java:147) [idea_rt.jar:?]
[21:23:56] [Server thread/INFO]: Saving and pausing game...
[21:23:56] [Server thread/INFO]: Saving chunks for level 'itemTestWorld'/Overworld
[21:23:57] [Server thread/INFO]: Saving chunks for level 'itemTestWorld'/Nether
[21:23:57] [Server thread/INFO]: Saving chunks for level 'itemTestWorld'/The End
[21:26:03] [Server thread/INFO]: Saving and pausing game...
[21:26:03] [Server thread/INFO]: Saving chunks for level 'itemTestWorld'/Overworld
[21:26:03] [Server thread/INFO]: Saving chunks for level 'itemTestWorld'/Nether
[21:26:03] [Server thread/INFO]: Saving chunks for level 'itemTestWorld'/The End
[21:26:03] [Server thread/INFO]: Stopping server
[21:26:03] [Server thread/INFO]: Saving players
[21:26:03] [Server thread/INFO]: Saving worlds
[21:26:03] [Server thread/INFO]: Saving chunks for level 'itemTestWorld'/Overworld
[21:26:03] [Server thread/INFO]: Saving chunks for level 'itemTestWorld'/Nether
[21:26:03] [Server thread/INFO]: Saving chunks for level 'itemTestWorld'/The End
[21:26:05] [Client thread/INFO]: Stopping!
